{"/Users/pablonicolascamejo/Desktop/reactCourse2/Fernandito/04-gif-expert-app/src/components/GifGridItem.jsx": {"path":"/Users/pablonicolascamejo/Desktop/reactCourse2/Fernandito/04-gif-expert-app/src/components/GifGridItem.jsx","statementMap":{"0":{"start":{"line":5,"column":2},"end":{"line":11,"column":3}},"1":{"start":{"line":14,"column":0},"end":{"line":17,"column":1}}},"fnMap":{"0":{"name":"GifGridItem","decl":{"start":{"line":4,"column":24},"end":{"line":4,"column":35}},"loc":{"start":{"line":4,"column":50},"end":{"line":12,"column":1}},"line":4}},"branchMap":{},"s":{"0":3,"1":1},"f":{"0":3},"b":{},"_coverageSchema":"1a1c01bbd47fc00a2c39e90264f33305004495a9","hash":"f69a85090cf2d04227b77b2ffc414c8d828815de"}
,"/Users/pablonicolascamejo/Desktop/reactCourse2/Fernandito/04-gif-expert-app/src/helpers/getGifts.js": {"path":"/Users/pablonicolascamejo/Desktop/reactCourse2/Fernandito/04-gif-expert-app/src/helpers/getGifts.js","statementMap":{"0":{"start":{"line":4,"column":19},"end":{"line":4,"column":121}},"1":{"start":{"line":5,"column":21},"end":{"line":5,"column":37}},"2":{"start":{"line":6,"column":23},"end":{"line":6,"column":40}},"3":{"start":{"line":7,"column":21},"end":{"line":11,"column":11}},"4":{"start":{"line":7,"column":38},"end":{"line":11,"column":9}},"5":{"start":{"line":12,"column":8},"end":{"line":12,"column":19}}},"fnMap":{"0":{"name":"getGifts","decl":{"start":{"line":3,"column":23},"end":{"line":3,"column":31}},"loc":{"start":{"line":3,"column":42},"end":{"line":13,"column":1}},"line":3},"1":{"name":"(anonymous_1)","decl":{"start":{"line":7,"column":30},"end":{"line":7,"column":31}},"loc":{"start":{"line":7,"column":38},"end":{"line":11,"column":9}},"line":7}},"branchMap":{},"s":{"0":1,"1":1,"2":1,"3":1,"4":20,"5":1},"f":{"0":1,"1":20},"b":{},"_coverageSchema":"1a1c01bbd47fc00a2c39e90264f33305004495a9","hash":"179e35fa2edacaa6c8335ce082121f73759e49ce"}
}
